[    1947ms] [WARNING] [Vue warn]: Unhandled error during execution of component update 
  at <AsyncComponentWrapper> 
  at <SlideWrapper clicks-context= {current: undefined, clicksStart: 0, relativeSizeMap: undefined, maxMap: undefined, isMounted: undefined} route= {no: 9, meta: Proxy(Object), load: , component: Object} render-context="overview" > 
  at <SlideContainer key=9 width=450 class="pointer-events-none important:[&_*]:select-none" > 
  at <Overview onVnodeUnmounted=fn<onVnodeUnmounted> ref=Ref< Proxy(Object) > > 
  at <RouterView> 
  at <App> @ http://localhost:3031/node_modules/.pnpm/@vue+runtime-core@3.5.28/node_modules/@vue/runtime-core/dist/runtime-core.esm-bundler.js?v=4dbd37f3:49
[    2023ms] InvalidCharacterError: Failed to execute 'setAttribute' on 'Element': '```py {all|2-3|5-6|8-12|all} question = user_question q_aug = reformulate_with_glossary(question, glossary, history)
source_families = route_sources(q_aug) filters = extract_metadata_filters(q_aug)
chunks = vector_search( query=q_aug, source_families=source_families, filters=filters, k=6, ) answer = generate_answer(q_aug, chunks, system_prompt) ```
<div class="mt-4 text-sm"> Reponse attendue' is not a valid attribute name.
    at patchAttr (http://localhost:3031/node_modules/.pnpm/@vue+runtime-dom@3.5.28/node_modules/@vue/runtime-dom/dist/runtime-dom.esm-bundler.js?v=4dbd37f3:614:10)
    at patchProp (http://localhost:3031/node_modules/.pnpm/@vue+runtime-dom@3.5.28/node_modules/@vue/runtime-dom/dist/runtime-dom.esm-bundler.js?v=4dbd37f3:784:5)
    at mountElement (http://localhost:3031/node_modules/.pnpm/@vue+runtime-core@3.5.28/node_modules/@vue/runtime-core/dist/runtime-core.esm-bundler.js?v=4dbd37f3:5637:11)
    at processElement (http://localhost:3031/node_modules/.pnpm/@vue+runtime-core@3.5.28/node_modules/@vue/runtime-core/dist/runtime-core.esm-bundler.js?v=4dbd37f3:5574:7)
    at patch (http://localhost:3031/node_modules/.pnpm/@vue+runtime-core@3.5.28/node_modules/@vue/runtime-core/dist/runtime-core.esm-bundler.js?v=4dbd37f3:5440:11)
    at ReactiveEffect.componentUpdateFn [as fn] (http://localhost:3031/node_modules/.pnpm/@vue+runtime-core@3.5.28/node_modules/@vue/runtime-core/dist/runtime-core.esm-bundler.js?v=4dbd37f3:6093:11)
    at ReactiveEffect.run (http://localhost:3031/node_modules/.pnpm/@vue+reactivity@3.5.28/node_modules/@vue/reactivity/dist/reactivity.esm-bundler.js?v=4dbd37f3:209:19)
    at setupRenderEffect (http://localhost:3031/node_modules/.pnpm/@vue+runtime-core@3.5.28/node_modules/@vue/runtime-core/dist/runtime-core.esm-bundler.js?v=4dbd37f3:6221:5)
    at mountComponent (http://localhost:3031/node_modules/.pnpm/@vue+runtime-core@3.5.28/node_modules/@vue/runtime-core/dist/runtime-core.esm-bundler.js?v=4dbd37f3:5996:7)
    at processComponent (http://localhost:3031/node_modules/.pnpm/@vue+runtime-core@3.5.28/node_modules/@vue/runtime-core/dist/runtime-core.esm-bundler.js?v=4dbd37f3:5948:9)
